<?xml version="1.0" encoding="UTF-8"?>
<testng-results ignored="0" total="1" passed="1" failed="0" skipped="0">
  <reporter-output>
  </reporter-output>
  <suite started-at="2025-09-08T15:15:30 IST" name="Surefire suite" finished-at="2025-09-08T15:15:34 IST" duration-ms="4076">
    <groups>
    </groups>
    <test started-at="2025-09-08T15:15:30 IST" name="Surefire test" finished-at="2025-09-08T15:15:34 IST" duration-ms="4076">
      <class name="com.dealer.testcases.LoginTest">
        <test-method signature="openbrowser()[pri:0, instance:com.dealer.testcases.LoginTest@4b44655e]" started-at="2025-09-08T15:15:30 IST" name="openbrowser" finished-at="2025-09-08T15:15:34 IST" duration-ms="4043" status="PASS">
          <reporter-output>
          </reporter-output>
        </test-method> <!-- openbrowser -->
      </class> <!-- com.dealer.testcases.LoginTest -->
    </test> <!-- Surefire test -->
  </suite> <!-- Surefire suite -->
</testng-results>
