<?xml version="1.0" encoding="UTF-8"?>
<testng-results ignored="0" total="1" passed="1" failed="0" skipped="0">
  <reporter-output>
  </reporter-output>
  <suite started-at="2025-09-18T18:17:13 IST" name="Default suite" finished-at="2025-09-18T18:17:35 IST" duration-ms="21535">
    <groups>
    </groups>
    <test started-at="2025-09-18T18:17:13 IST" name="Default test" finished-at="2025-09-18T18:17:35 IST" duration-ms="21535">
      <class name="com.dealer.testcases.LoginTest">
        <test-method is-config="true" signature="openwebpage()[pri:0, instance:com.dealer.testcases.LoginTest@16c63f5]" started-at="2025-09-18T18:17:13 IST" name="openwebpage" finished-at="2025-09-18T18:17:19 IST" duration-ms="5102" status="PASS">
          <reporter-output>
          </reporter-output>
        </test-method> <!-- openwebpage -->
        <test-method signature="loginpage()[pri:0, instance:com.dealer.testcases.LoginTest@16c63f5]" started-at="2025-09-18T18:17:19 IST" name="loginpage" finished-at="2025-09-18T18:17:35 IST" duration-ms="16400" status="PASS">
          <reporter-output>
          </reporter-output>
        </test-method> <!-- loginpage -->
        <test-method is-config="true" signature="teardwon()[pri:0, instance:com.dealer.testcases.LoginTest@16c63f5]" started-at="2025-09-18T18:17:35 IST" name="teardwon" finished-at="2025-09-18T18:17:35 IST" duration-ms="0" status="PASS">
          <reporter-output>
          </reporter-output>
        </test-method> <!-- teardwon -->
      </class> <!-- com.dealer.testcases.LoginTest -->
    </test> <!-- Default test -->
  </suite> <!-- Default suite -->
</testng-results>
