<?xml version="1.0" encoding="UTF-8"?>
<testng-results ignored="0" total="1" passed="1" failed="0" skipped="0">
  <reporter-output>
  </reporter-output>
  <suite started-at="2025-09-08T14:58:35 IST" name="Default suite" finished-at="2025-09-08T14:58:39 IST" duration-ms="4044">
    <groups>
    </groups>
    <test started-at="2025-09-08T14:58:35 IST" name="Default test" finished-at="2025-09-08T14:58:39 IST" duration-ms="4044">
      <class name="com.dealer.testcases.LoginTest">
        <test-method signature="openbrowser()[pri:0, instance:com.dealer.testcases.LoginTest@5542c4ed]" started-at="2025-09-08T14:58:35 IST" name="openbrowser" finished-at="2025-09-08T14:58:39 IST" duration-ms="4007" status="PASS">
          <reporter-output>
          </reporter-output>
        </test-method> <!-- openbrowser -->
      </class> <!-- com.dealer.testcases.LoginTest -->
    </test> <!-- Default test -->
  </suite> <!-- Default suite -->
</testng-results>
